  [1m[36m (374.2ms)[0m  [1mCREATE DATABASE "edhacks_development" ENCODING = 'unicode'[0m
  [1m[35m (273.1ms)[0m  CREATE DATABASE "edhacks_test" ENCODING = 'unicode'
  [1m[36m (1.4ms)[0m  [1mCREATE DATABASE "edhacks_development" ENCODING = 'unicode'[0m
PG::DuplicateDatabase: ERROR:  database "edhacks_development" already exists
: CREATE DATABASE "edhacks_development" ENCODING = 'unicode'
  [1m[36m (11.3ms)[0m  [1mCREATE TABLE "schema_migrations" ("version" character varying(255) NOT NULL) [0m
  [1m[35m (5.7ms)[0m  CREATE UNIQUE INDEX  "unique_schema_migrations" ON "schema_migrations"  ("version")
  [1m[36mActiveRecord::SchemaMigration Load (0.7ms)[0m  [1mSELECT "schema_migrations".* FROM "schema_migrations"[0m
Migrating to DeviseCreateUsers (20141018173420)
  [1m[35m (0.2ms)[0m  BEGIN
  [1m[36m (10.8ms)[0m  [1mCREATE TABLE "users" ("id" serial primary key, "email" character varying(255) DEFAULT '' NOT NULL, "encrypted_password" character varying(255) DEFAULT '' NOT NULL, "reset_password_token" character varying(255), "reset_password_sent_at" timestamp, "remember_created_at" timestamp, "sign_in_count" integer DEFAULT 0 NOT NULL, "current_sign_in_at" timestamp, "last_sign_in_at" timestamp, "current_sign_in_ip" character varying(255), "last_sign_in_ip" character varying(255), "created_at" timestamp, "updated_at" timestamp) [0m
  [1m[35m (1.7ms)[0m  CREATE UNIQUE INDEX  "index_users_on_email" ON "users"  ("email")
  [1m[36m (1.1ms)[0m  [1mCREATE UNIQUE INDEX  "index_users_on_reset_password_token" ON "users"  ("reset_password_token")[0m
  [1m[35mSQL (0.6ms)[0m  INSERT INTO "schema_migrations" ("version") VALUES ($1)  [["version", "20141018173420"]]
  [1m[36m (0.5ms)[0m  [1mCOMMIT[0m
  [1m[35mActiveRecord::SchemaMigration Load (0.7ms)[0m  SELECT "schema_migrations".* FROM "schema_migrations"


Started GET "/" for 127.0.0.1 at 2014-10-18 13:39:04 -0400
  [1m[36mActiveRecord::SchemaMigration Load (0.9ms)[0m  [1mSELECT "schema_migrations".* FROM "schema_migrations"[0m
Processing by Rails::WelcomeController#index as HTML
  Rendered /Users/mgriffel/.rvm/gems/ruby-2.1.2/gems/railties-4.1.5/lib/rails/templates/rails/welcome/index.html.erb (2.0ms)
Completed 200 OK in 18ms (Views: 9.1ms | ActiveRecord: 0.0ms)


Started GET "/users/sign_in" for 127.0.0.1 at 2014-10-18 13:39:09 -0400
Processing by Devise::SessionsController#new as HTML
  Rendered devise/shared/_links.erb (1.2ms)
  Rendered devise/sessions/new.html.erb within layouts/application (26.2ms)
Completed 200 OK in 440ms (Views: 398.9ms | ActiveRecord: 4.6ms)


Started GET "/assets/application.css?body=1" for 127.0.0.1 at 2014-10-18 13:39:09 -0400


Started GET "/assets/jquery.js?body=1" for 127.0.0.1 at 2014-10-18 13:39:09 -0400


Started GET "/assets/jquery_ujs.js?body=1" for 127.0.0.1 at 2014-10-18 13:39:09 -0400


Started GET "/assets/turbolinks.js?body=1" for 127.0.0.1 at 2014-10-18 13:39:09 -0400


Started GET "/assets/application.js?body=1" for 127.0.0.1 at 2014-10-18 13:39:09 -0400


Started GET "/users/sign_up" for 127.0.0.1 at 2014-10-18 13:39:12 -0400
Processing by Devise::RegistrationsController#new as HTML
  Rendered devise/shared/_links.erb (3.5ms)
  Rendered devise/registrations/new.html.erb within layouts/application (7.4ms)
Completed 200 OK in 35ms (Views: 33.0ms | ActiveRecord: 0.0ms)


Started GET "/users/password/new" for 127.0.0.1 at 2014-10-18 13:39:15 -0400
Processing by Devise::PasswordsController#new as HTML
  Rendered devise/shared/_links.erb (1.1ms)
  Rendered devise/passwords/new.html.erb within layouts/application (3.5ms)
Completed 200 OK in 33ms (Views: 31.9ms | ActiveRecord: 0.0ms)


Started GET "/" for 127.0.0.1 at 2014-10-18 13:44:24 -0400
Processing by Rails::WelcomeController#index as HTML
  Rendered /Users/mgriffel/.rvm/gems/ruby-2.1.2/gems/railties-4.1.5/lib/rails/templates/rails/welcome/index.html.erb (0.1ms)
Completed 200 OK in 3ms (Views: 2.1ms | ActiveRecord: 0.0ms)


Started GET "/" for 127.0.0.1 at 2014-10-18 13:44:42 -0400
Processing by WelcomeController#index as HTML
  Rendered welcome/index.html.erb within layouts/application (0.3ms)
Completed 500 Internal Server Error in 18ms

ActionView::Template::Error (File to import not found or unreadable: bootstrap.
Load paths:
  /Users/mgriffel/code/edhacks/app/assets/images
  /Users/mgriffel/code/edhacks/app/assets/javascripts
  /Users/mgriffel/code/edhacks/app/assets/stylesheets
  /Users/mgriffel/code/edhacks/vendor/assets/javascripts
  /Users/mgriffel/code/edhacks/vendor/assets/stylesheets
  /Users/mgriffel/.rvm/gems/ruby-2.1.2/gems/turbolinks-2.4.0/lib/assets/javascripts
  /Users/mgriffel/.rvm/gems/ruby-2.1.2/gems/jquery-rails-3.1.2/vendor/assets/javascripts
  /Users/mgriffel/.rvm/gems/ruby-2.1.2/gems/coffee-rails-4.0.1/lib/assets/javascripts
  (in /Users/mgriffel/code/edhacks/app/assets/stylesheets/bootstrap_and_overrides.css.scss:1)):
    2: <html>
    3: <head>
    4:   <title>Edhacks</title>
    5:   <%= stylesheet_link_tag    'application', media: 'all', 'data-turbolinks-track' => true %>
    6:   <%= javascript_include_tag 'application', 'data-turbolinks-track' => true %>
    7:   <%= csrf_meta_tags %>
    8: </head>
  app/assets/stylesheets/bootstrap_and_overrides.css.scss:1
  app/views/layouts/application.html.erb:5:in `_app_views_layouts_application_html_erb___1638199606411717557_2202925240'


  Rendered /Users/mgriffel/.rvm/gems/ruby-2.1.2/gems/actionpack-4.1.5/lib/action_dispatch/middleware/templates/rescues/_trace.html.erb (1.2ms)
  Rendered /Users/mgriffel/.rvm/gems/ruby-2.1.2/gems/actionpack-4.1.5/lib/action_dispatch/middleware/templates/rescues/_request_and_response.html.erb (1.0ms)
  Rendered /Users/mgriffel/.rvm/gems/ruby-2.1.2/gems/actionpack-4.1.5/lib/action_dispatch/middleware/templates/rescues/template_error.html.erb within rescues/layout (12.9ms)


Started GET "/" for 127.0.0.1 at 2014-10-18 13:45:54 -0400
  [1m[36mActiveRecord::SchemaMigration Load (0.6ms)[0m  [1mSELECT "schema_migrations".* FROM "schema_migrations"[0m
Processing by WelcomeController#index as HTML
  Rendered welcome/index.html.erb within layouts/application (1.5ms)
Completed 200 OK in 1763ms (Views: 1753.9ms | ActiveRecord: 0.0ms)


Started GET "/assets/bootstrap_and_overrides.css?body=1" for 127.0.0.1 at 2014-10-18 13:45:56 -0400


Started GET "/assets/welcome.css?body=1" for 127.0.0.1 at 2014-10-18 13:45:56 -0400


Started GET "/assets/application.css?body=1" for 127.0.0.1 at 2014-10-18 13:45:56 -0400


Started GET "/assets/jquery.js?body=1" for 127.0.0.1 at 2014-10-18 13:45:56 -0400


Started GET "/assets/jquery_ujs.js?body=1" for 127.0.0.1 at 2014-10-18 13:45:56 -0400


Started GET "/assets/turbolinks.js?body=1" for 127.0.0.1 at 2014-10-18 13:45:56 -0400


Started GET "/assets/application.js?body=1" for 127.0.0.1 at 2014-10-18 13:45:56 -0400


Started GET "/assets/welcome.js?body=1" for 127.0.0.1 at 2014-10-18 13:45:56 -0400


Started GET "/" for 127.0.0.1 at 2014-10-18 13:46:14 -0400
Processing by WelcomeController#index as HTML
  Rendered welcome/index.html.erb within layouts/application (0.0ms)
Completed 200 OK in 41ms (Views: 40.3ms | ActiveRecord: 0.0ms)


Started GET "/assets/application.css?body=1" for 127.0.0.1 at 2014-10-18 13:46:14 -0400


Started GET "/assets/welcome.css?body=1" for 127.0.0.1 at 2014-10-18 13:46:14 -0400


Started GET "/assets/turbolinks.js?body=1" for 127.0.0.1 at 2014-10-18 13:46:14 -0400


Started GET "/assets/jquery.js?body=1" for 127.0.0.1 at 2014-10-18 13:46:14 -0400


Started GET "/assets/jquery_ujs.js?body=1" for 127.0.0.1 at 2014-10-18 13:46:14 -0400


Started GET "/assets/bootstrap_and_overrides.css?body=1" for 127.0.0.1 at 2014-10-18 13:46:14 -0400


Started GET "/assets/welcome.js?body=1" for 127.0.0.1 at 2014-10-18 13:46:14 -0400


Started GET "/assets/application.js?body=1" for 127.0.0.1 at 2014-10-18 13:46:14 -0400
